*** 2026-03-04 13:03:00.965 idempiere Log (CLogFile) ***
13:03:00.958 AnnotationBasedEventManager.lambda$0: DefaultAnnotationBasedEventManager loaded 3 classes in 0.359s [36]
13:03:01.066 ConfigurationData.load: Defaults [1]
13:03:01.076 Config.test: OK: JavaHome=/usr/lib/jvm/java-17-amazon-corretto [1]
13:03:01.080 Config.test: OK: Version=17.0.18 [1]
13:03:01.735 AnnotationBasedModelFactory.lambda$0: AnnotationBasedModelFactory loaded 751 classes in 2.261s [23]
13:03:07.319 KeyStoreMgt.<init>: /opt/idempiere-server/jettyhome/etc/keystore [1]
13:03:31.903 ConfigurationData.testAdempiere: OK: AdempiereHome = /opt/idempiere-server [1]
13:03:31.904 KeyStoreMgt.<init>: /opt/idempiere-server/jettyhome/etc/keystore [1]
13:03:31.905 KeyStoreMgt.createCertificate:  [1]
13:03:32.773 ConfigurationData.testAdempiere: OK: KeyStore = /opt/idempiere-server/jettyhome/etc/keystore [1]
13:04:10.258 ConfigPostgreSQL.test: OK: Database Server = marselladatabase.postgres.database.azure.com/10.0.2.4 [1]
13:04:10.281 ConfigPostgreSQL.test: OK: Database Port = 5432 [1]
13:04:14.713===========> ConfigPostgreSQL.testJDBC: org.postgresql.util.PSQLException: FATAL: password authentication failed for user "postgres" [1]
13:04:45.132 ConfigPostgreSQL.test: OK: Database Server = marselladatabase.postgres.database.azure.com/10.0.2.4 [1]
13:04:45.136 ConfigPostgreSQL.test: OK: Database Port = 5432 [1]
13:04:49.222===========> ConfigPostgreSQL.testJDBC: org.postgresql.util.PSQLException: FATAL: password authentication failed for user "postgres" [1]
13:04:49.224-----------> ConfigPostgreSQL.test: Error connecting: jdbc:postgresql://marselladatabase.postgres.database.azure.com:5432/template1 - postgres/******** [1]
13:04:49.225 ConfigPostgreSQL.test: OK: System Connection = jdbc:postgresql://marselladatabase.postgres.database.azure.com:5432/template1 [1]
13:04:49.319 ConfigPostgreSQL.test: OK: Database User = adempiere [1]
13:05:05.934 ConfigurationData.testMail: OK: EMail not configured [1]
13:05:08.909-----------> Ini.loadProperties: /opt/idempiere-server/idempiere.properties not found [1]
13:05:08.910 Ini.loadProperties: /opt/idempiere-server/idempiere.properties #26 [1]
13:05:08.983 ConfigurationData.save: /opt/idempiere-server/idempiereEnv.properties [1]

*** 2026-03-04 13:05:09.236 idempiere Log (CLogFile) ***
