*** 2026-03-04 13:09:30.305 idempiere Log (CLogFile) ***
13:09:30.304 Adempiere.startup: iDempiere(r) Release 12_2024-12-24 -Smart Suite ERP, CRM and SCM- (c) 1999-2025 iDempiere(r); Implementation: iDempiere - Supported by iDempiere community [1]
13:09:30.309 Ini.loadProperties: /opt/idempiere-server/idempiere.properties #29 [1]
13:09:30.421 AnnotationBasedEventManager.lambda$0: DefaultAnnotationBasedEventManager loaded 3 classes in 0.322s [40]
13:09:30.474-----------> Core.getKeyStore: Encryption with legacy key algorithm DES detected - it is recommended to migrate to a stronger algorithm [1]
13:09:32.108 SignDatabaseBuildApplication.start: Sign Database Build [1]
13:09:32.115 SignDatabaseBuildApplication.start: ------------------- [1]
13:09:32.121 SignDatabaseBuildApplication.start: Version = 12.0.0.202603030709 [1]
13:09:32.130 SignDatabaseBuildApplication.start: UPDATE AD_System SET LastBuildInfo = ? [1]
13:09:32.144     BaseActivator.log: Weaving class org.slf4j.event.Level [48]
13:09:32.152     BaseActivator.log: Weaving class org.slf4j.helpers.MessageFormatter [48]
13:09:32.160     BaseActivator.log: Weaving class org.slf4j.helpers.FormattingTuple [48]
13:09:32.161     PoolBase.newConnection: HikariPool-1 - Established new connection (dc8cc5db-ce6b-4e6c-a8a4-6304b8c76338) [48]
13:09:32.164     HikariPool.call: HikariPool-1 - Added connection org.postgresql.jdbc.PgConnection@1052ce3 [48]
13:09:32.177     PreparedStatementProxy.invoke: Mar 4, 2026, 1:09:32 PM UTC,Update,AD_SYSTEM, (begin) [1]
13:09:32.185     PreparedStatementProxy.invoke: Mar 4, 2026, 1:09:32 PM UTC,Update,AD_SYSTEM, (end) [1]
13:09:32.196     BaseActivator.log: Weaving class org.slf4j.helpers.NormalizedParameters [48]
13:09:32.201     HikariPool.logPoolState: HikariPool-1 - After adding stats (total=7/90, idle=7/10, active=0, waiting=0) [48]
13:09:32.202     PoolBase.newConnection: HikariPool-1 - Attempting to create/setup new connection (3911a120-1e88-4151-846b-c58d6fa1ccee) [48]
13:09:32.202     Driver.connect: Connecting with URL: {0} (jdbc:postgresql://marselladatabase.postgres.database.azure.com:5432/sannet?encoding=UNICODE&ApplicationName=iDempiere&tcpKeepAlive=true) [48]
13:09:32.204     PgConnection.<init>: PostgreSQL JDBC Driver 42.7.8 [48]
13:09:32.204     PgConnection.setDefaultFetchSize:   setDefaultFetchSize = {0} (0) [48]
13:09:32.205     PgConnection.setPrepareThreshold:   setPrepareThreshold = {0} (5) [48]
13:09:32.208     ConnectionFactoryImpl.openConnectionImpl: Trying to establish a protocol version 3 connection to {0} (marselladatabase.postgres.database.azure.com:5432) [48]
13:09:32.211     ConnectionFactoryImpl.tryConnect: Receive Buffer Size is {0} (65536) [48]
13:09:32.211     ConnectionFactoryImpl.tryConnect: Send Buffer Size is {0} (43520) [48]
13:09:32.215     MakeSSL.convert: converting regular socket connection to ssl [48]
13:09:32.263     PoolBase.newConnection: HikariPool-1 - Established new connection (3911a120-1e88-4151-846b-c58d6fa1ccee) [48]
13:09:32.264     HikariPool.call: HikariPool-1 - Added connection org.postgresql.jdbc.PgConnection@6076fd76 [48]
13:09:32.298     HikariPool.logPoolState: HikariPool-1 - After adding stats (total=8/90, idle=8/10, active=0, waiting=0) [48]
13:09:32.298     PoolBase.newConnection: HikariPool-1 - Attempting to create/setup new connection (12e8a500-f188-4b14-9411-8d2c0bfe16e0) [48]
13:09:32.298     Driver.connect: Connecting with URL: {0} (jdbc:postgresql://marselladatabase.postgres.database.azure.com:5432/sannet?encoding=UNICODE&ApplicationName=iDempiere&tcpKeepAlive=true) [48]
13:09:32.300     PgConnection.<init>: PostgreSQL JDBC Driver 42.7.8 [48]
13:09:32.301     PgConnection.setDefaultFetchSize:   setDefaultFetchSize = {0} (0) [48]
13:09:32.301     PgConnection.setPrepareThreshold:   setPrepareThreshold = {0} (5) [48]
13:09:32.303     ConnectionFactoryImpl.openConnectionImpl: Trying to establish a protocol version 3 connection to {0} (marselladatabase.postgres.database.azure.com:5432) [48]
13:09:32.305     ConnectionFactoryImpl.tryConnect: Receive Buffer Size is {0} (65536) [48]
13:09:32.306     ConnectionFactoryImpl.tryConnect: Send Buffer Size is {0} (43520) [48]
13:09:32.310     MakeSSL.convert: converting regular socket connection to ssl [48]
13:09:32.330     BaseActivator.log: Unregistered: {org.apache.logging.log4j.util.PropertySource}={serviceloader.mediator=107, service.id=40, service.bundleid=54, service.scope=bundle, .org.apache.aries.spifly.provider.implclass=org.apache.logging.log4j.util.EnvironmentPropertySource, .org.apache.aries.spifly.provider.discovery.mode=SERVICELOADER_CAPABILITIES} [49]
13:09:32.333     BaseActivator.log: Unregistered: {org.apache.logging.log4j.util.PropertySource}={serviceloader.mediator=107, service.id=41, service.bundleid=54, service.scope=bundle, .org.apache.aries.spifly.provider.implclass=org.apache.logging.log4j.util.SystemPropertiesPropertySource, .org.apache.aries.spifly.provider.discovery.mode=SERVICELOADER_CAPABILITIES} [49]
13:09:32.337     BaseActivator.log: Unregistered: {org.apache.logging.log4j.spi.Provider}={serviceloader.mediator=107, service.id=36, service.bundleid=55, service.scope=bundle, .org.apache.aries.spifly.provider.implclass=org.apache.logging.slf4j.SLF4JProvider, .org.apache.aries.spifly.provider.discovery.mode=SERVICELOADER_CAPABILITIES} [49]
13:09:32.337     BaseActivator.log: Unregistered: {org.slf4j.spi.SLF4JServiceProvider}={serviceloader.mediator=107, service.id=35, service.bundleid=44, service.scope=bundle, .org.apache.aries.spifly.provider.implclass=org.slf4j.jul.JULServiceProvider, .org.apache.aries.spifly.provider.discovery.mode=SERVICELOADER_CAPABILITIES, type=jul} [49]
13:09:32.354     PoolBase.newConnection: HikariPool-1 - Established new connection (12e8a500-f188-4b14-9411-8d2c0bfe16e0) [48]
13:09:32.357     HikariPool.call: HikariPool-1 - Added connection org.postgresql.jdbc.PgConnection@3285d10a [48]
13:09:32.388     HikariPool.logPoolState: HikariPool-1 - After adding stats (total=9/90, idle=9/10, active=0, waiting=0) [48]
13:09:32.389     PoolBase.newConnection: HikariPool-1 - Attempting to create/setup new connection (130b6070-7248-4d1b-93bc-790da39868cc) [48]
13:09:32.389     Driver.connect: Connecting with URL: {0} (jdbc:postgresql://marselladatabase.postgres.database.azure.com:5432/sannet?encoding=UNICODE&ApplicationName=iDempiere&tcpKeepAlive=true) [48]
13:09:32.390     PgConnection.<init>: PostgreSQL JDBC Driver 42.7.8 [48]
13:09:32.392     PgConnection.setDefaultFetchSize:   setDefaultFetchSize = {0} (0) [48]
13:09:32.393     PgConnection.setPrepareThreshold:   setPrepareThreshold = {0} (5) [48]
13:09:32.393     ConnectionFactoryImpl.openConnectionImpl: Trying to establish a protocol version 3 connection to {0} (marselladatabase.postgres.database.azure.com:5432) [48]
13:09:32.395     ConnectionFactoryImpl.tryConnect: Receive Buffer Size is {0} (65536) [48]
13:09:32.396     ConnectionFactoryImpl.tryConnect: Send Buffer Size is {0} (43520) [48]
13:09:32.399     MakeSSL.convert: converting regular socket connection to ssl [48]
13:09:32.453     PoolBase.newConnection: HikariPool-1 - Established new connection (130b6070-7248-4d1b-93bc-790da39868cc) [48]
13:09:32.453     HikariPool.call: HikariPool-1 - Added connection org.postgresql.jdbc.PgConnection@c0f28ab [48]
13:09:32.486     HikariPool.logPoolState: HikariPool-1 - After adding stats (total=10/90, idle=10/10, active=0, waiting=0) [48]
13:09:32.486     HikariPool.logPoolState: HikariPool-1 - Connection not added, stats (total=10/90, idle=10/10, active=0, waiting=0) [48]

*** 2026-03-04 13:09:32.507 idempiere Log (CLogFile) ***
